#
# A fatal error has been detected by the Java Runtime Environment:
#
#  EXCEPTION_ACCESS_VIOLATION (0xc0000005) at pc=0x00000000666fa953, pid=14016, tid=12428
#
# JRE version: Java(TM) SE Runtime Environment (7.0_75-b13) (build 1.7.0_75-b13)
# Java VM: Java HotSpot(TM) 64-Bit Server VM (24.75-b04 mixed mode windows-amd64 compressed oops)
# Problematic frame:
# V  [jvm.dll+0x4ba953]
#
# Failed to write core dump. Minidumps are not enabled by default on client versions of Windows
#
# If you would like to submit a bug report, please visit:
#   http://bugreport.sun.com/bugreport/crash.jsp
#

---------------  T H R E A D  ---------------

Current thread (0x0000000006e2f800):  JavaThread "C2 CompilerThread1" daemon [_thread_in_native, id=12428, stack(0x0000000008a10000,0x0000000008b10000)]

siginfo: ExceptionCode=0xc0000005, reading address 0x000000006e828328

Registers:
RAX=0x000000006e8282d8, RBX=0x0000000000000910, RCX=0x000000000bbd9e78, RDX=0x0000000000000001
RSP=0x0000000008b0bfd8, RBP=0x0000000000000000, RSI=0x0000000000000000, RDI=0x000000000d7893d0
R8 =0x0000000000000010, R9 =0x0000000000000000, R10=0x0000000000000000, R11=0x0000000000000000
R12=0x0000000000000008, R13=0x000000000bbd9e78, R14=0x000000000d2caeb0, R15=0x0000000000000091
RIP=0x00000000666fa953, EFLAGS=0x0000000000010202

Top of Stack: (sp=0x0000000008b0bfd8)
0x0000000008b0bfd8:   0000000066704760 00000000000008e0
0x0000000008b0bfe8:   0000000000000100 0000000008b0f110
0x0000000008b0bff8:   000000000d2caeb0 0000000000000000
0x0000000008b0c008:   0000000008dc22b0 000000000d78dce0
0x0000000008b0c018:   0000000006e25e10 0000000008e2d3c0
0x0000000008b0c028:   0000000008ee4720 000000000d2caeb0
0x0000000008b0c038:   0000000000000020 0000000008ee4720
0x0000000008b0c048:   0000000000000204 0000000000000000
0x0000000008b0c058:   0000000000000002 000000000a32d4b0
0x0000000008b0c068:   00000000667048c3 0000000000000400
0x0000000008b0c078:   0000000000000000 0000000000000000
0x0000000008b0c088:   0000000000004000 0000000006e25e10
0x0000000008b0c098:   00000000666fba1e 000000000bbe17f0
0x0000000008b0c0a8:   0000000000000100 000000000bbe5b00
0x0000000008b0c0b8:   0000000000000030 0000000000000100
0x0000000008b0c0c8:   00000000666fbae4 0000000008ee4720 

Instructions: (pc=0x00000000666fa953)
0x00000000666fa933:   c4 28 c3 48 8b 01 ff 10 33 c9 84 c0 0f 94 c1 8b
0x00000000666fa943:   c1 48 83 c4 28 c3 cc cc cc cc cc cc cc 48 8b 01
0x00000000666fa953:   48 ff 60 50 cc cc cc cc cc cc cc cc cc 8b 41 10
0x00000000666fa963:   83 f8 02 74 08 83 f8 05 74 03 32 c0 c3 b0 01 c3 


Register to memory mapping:

RAX=0x000000006e8282d8 is an unknown value
RBX=0x0000000000000910 is an unknown value
RCX=0x000000000bbd9e78 is an unknown value
RDX=0x0000000000000001 is an unknown value
RSP=0x0000000008b0bfd8 is pointing into the stack for thread: 0x0000000006e2f800
RBP=0x0000000000000000 is an unknown value
RSI=0x0000000000000000 is an unknown value
RDI=0x000000000d7893d0 is an unknown value
R8 =0x0000000000000010 is an unknown value
R9 =0x0000000000000000 is an unknown value
R10=0x0000000000000000 is an unknown value
R11=0x0000000000000000 is an unknown value
R12=0x0000000000000008 is an unknown value
R13=0x000000000bbd9e78 is an unknown value
R14=0x000000000d2caeb0 is an unknown value
R15=0x0000000000000091 is an unknown value


Stack: [0x0000000008a10000,0x0000000008b10000],  sp=0x0000000008b0bfd8,  free space=1007k
Native frames: (J=compiled Java code, j=interpreted, Vv=VM code, C=native code)
V  [jvm.dll+0x4ba953]

[error occurred during error reporting (printing native stack), id 0xc0000005]


Current CompileTask:
C2:11052813 4070             com.android.ide.common.res2.DataSet::checkItems (153 bytes)


---------------  P R O C E S S  ---------------

Java Threads: ( => current thread )
  0x000000000c306000 JavaThread "Stdin handler" [_thread_blocked, id=21556, stack(0x000000000c860000,0x000000000c960000)]
  0x000000000c30d000 JavaThread "Cancel handler" [_thread_blocked, id=15512, stack(0x000000000b5d0000,0x000000000b6d0000)]
  0x000000000c30b800 JavaThread "Handler for socket connection from /127.0.0.1:58294 to /127.0.0.1:63533" [_thread_in_native, id=22320, stack(0x000000000b220000,0x000000000b320000)]
  0x000000000c307000 JavaThread "Daemon worker Thread 4" [_thread_in_native, id=21664, stack(0x000000000b4c0000,0x000000000b5c0000)]
  0x000000000c307800 JavaThread "Daemon Thread 4" [_thread_blocked, id=22312, stack(0x000000000adf0000,0x000000000aef0000)]
  0x000000000a61c800 JavaThread "File lock request listener" [_thread_in_native, id=18328, stack(0x000000000b760000,0x000000000b860000)]
  0x00000000097df000 JavaThread "Incoming local TCP Connector on port 58294" [_thread_in_native, id=5896, stack(0x000000000af50000,0x000000000b050000)]
  0x0000000006e31000 JavaThread "Service Thread" daemon [_thread_blocked, id=11596, stack(0x0000000008720000,0x0000000008820000)]
=>0x0000000006e2f800 JavaThread "C2 CompilerThread1" daemon [_thread_in_native, id=12428, stack(0x0000000008a10000,0x0000000008b10000)]
  0x0000000006e22000 JavaThread "C2 CompilerThread0" daemon [_thread_blocked, id=18812, stack(0x0000000008830000,0x0000000008930000)]
  0x0000000006e1f000 JavaThread "Attach Listener" daemon [_thread_blocked, id=12260, stack(0x00000000085f0000,0x00000000086f0000)]
  0x0000000006e1a000 JavaThread "Signal Dispatcher" daemon [_thread_blocked, id=13156, stack(0x0000000008440000,0x0000000008540000)]
  0x0000000006dca000 JavaThread "Finalizer" daemon [_thread_blocked, id=13884, stack(0x00000000082d0000,0x00000000083d0000)]
  0x0000000006dc3000 JavaThread "Reference Handler" daemon [_thread_blocked, id=14228, stack(0x0000000008070000,0x0000000008170000)]
  0x0000000001d9e000 JavaThread "main" [_thread_blocked, id=13988, stack(0x0000000002510000,0x0000000002610000)]

Other Threads:
  0x0000000006dbd000 VMThread [stack: 0x0000000007f10000,0x0000000008010000] [id=12976]
  0x0000000006e3a800 WatcherThread [stack: 0x0000000008b80000,0x0000000008c80000] [id=19932]

VM state:not at safepoint (normal execution)

VM Mutex/Monitor currently owned by a thread: None

Heap
 PSYoungGen      total 71168K, used 34750K [0x00000000faa80000, 0x0000000100000000, 0x0000000100000000)
  eden space 57344K, 43% used [0x00000000faa80000,0x00000000fc317d40,0x00000000fe280000)
  from space 13824K, 69% used [0x00000000fe280000,0x00000000febd7e38,0x00000000ff000000)
  to   space 14336K, 0% used [0x00000000ff200000,0x00000000ff200000,0x0000000100000000)
 ParOldGen       total 169472K, used 117441K [0x00000000f0000000, 0x00000000fa580000, 0x00000000faa80000)
  object space 169472K, 69% used [0x00000000f0000000,0x00000000f72b0410,0x00000000fa580000)
 PSPermGen       total 169984K, used 135711K [0x00000000e0000000, 0x00000000ea600000, 0x00000000f0000000)
  object space 169984K, 79% used [0x00000000e0000000,0x00000000e8487c70,0x00000000ea600000)

Card table byte_map: [0x0000000002340000,0x0000000002450000] byte_map_base: 0x0000000001c40000

Polling page: 0x0000000000430000

Code Cache  [0x0000000002610000, 0x0000000003360000, 0x0000000005610000)
 total_blobs=4373 nmethods=3706 adapters=617 free_code_cache=35744Kb largest_free_block=36414912

Compilation events (10 events):
Event: 11051.445 Thread 0x0000000006e22000 4066             com.android.ide.common.res2.DataSet::isIgnored (315 bytes)
Event: 11051.461 Thread 0x0000000006e22000 nmethod 4066 0x0000000002a17ed0 code [0x0000000002a18120, 0x0000000002a18fc0]
Event: 11051.461 Thread 0x0000000006e22000 4067             com.android.ide.common.res2.ResourceItem::getType (5 bytes)
Event: 11051.461 Thread 0x0000000006e22000 nmethod 4067 0x0000000003351c10 code [0x0000000003351d40, 0x0000000003351d98]
Event: 11051.462 Thread 0x0000000006e22000 4068             com.google.common.base.AbstractIterator::next (34 bytes)
Event: 11051.463 Thread 0x0000000006e22000 nmethod 4068 0x0000000002ff3090 code [0x0000000002ff3200, 0x0000000002ff3388]
Event: 11051.469 Thread 0x0000000006e2f800 nmethod 4065 0x0000000002a14cd0 code [0x0000000002a14f80, 0x0000000002a166c0]
Event: 11051.480 Thread 0x0000000006e22000 4069             com.google.common.collect.AbstractMapBasedMultimap$WrappedCollection$WrappedIterator::hasNext (14 bytes)
Event: 11051.482 Thread 0x0000000006e22000 nmethod 4069 0x0000000002a1f1d0 code [0x0000000002a1f340, 0x0000000002a1f558]
Event: 11051.485 Thread 0x0000000006e2f800 4070             com.android.ide.common.res2.DataSet::checkItems (153 bytes)

GC Heap History (10 events):
Event: 11043.346 GC heap before
{Heap before GC invocations=105 (full 8):
 PSYoungGen      total 69120K, used 61141K [0x00000000faa80000, 0x0000000100000000, 0x0000000100000000)
  eden space 52736K, 100% used [0x00000000faa80000,0x00000000fde00000,0x00000000fde00000)
  from space 16384K, 51% used [0x00000000fee00000,0x00000000ff635518,0x00000000ffe00000)
  to   space 16384K, 0% used [0x00000000fde00000,0x00000000fde00000,0x00000000fee00000)
 ParOldGen       total 169472K, used 97687K [0x00000000f0000000, 0x00000000fa580000, 0x00000000faa80000)
  object space 169472K, 57% used [0x00000000f0000000,0x00000000f5f65d28,0x00000000fa580000)
 PSPermGen       total 169984K, used 133462K [0x00000000e0000000, 0x00000000ea600000, 0x00000000f0000000)
  object space 169984K, 78% used [0x00000000e0000000,0x00000000e8255a88,0x00000000ea600000)
Event: 11043.354 GC heap after
Heap after GC invocations=105 (full 8):
 PSYoungGen      total 69120K, used 5216K [0x00000000faa80000, 0x00000000ffe00000, 0x0000000100000000)
  eden space 52736K, 0% used [0x00000000faa80000,0x00000000faa80000,0x00000000fde00000)
  from space 16384K, 31% used [0x00000000fde00000,0x00000000fe318000,0x00000000fee00000)
  to   space 15360K, 0% used [0x00000000fef00000,0x00000000fef00000,0x00000000ffe00000)
 ParOldGen       total 169472K, used 102503K [0x00000000f0000000, 0x00000000fa580000, 0x00000000faa80000)
  object space 169472K, 60% used [0x00000000f0000000,0x00000000f6419fc8,0x00000000fa580000)
 PSPermGen       total 169984K, used 133462K [0x00000000e0000000, 0x00000000ea600000, 0x00000000f0000000)
  object space 169984K, 78% used [0x00000000e0000000,0x00000000e8255a88,0x00000000ea600000)
}
Event: 11043.671 GC heap before
{Heap before GC invocations=106 (full 8):
 PSYoungGen      total 69120K, used 57952K [0x00000000faa80000, 0x00000000ffe00000, 0x0000000100000000)
  eden space 52736K, 100% used [0x00000000faa80000,0x00000000fde00000,0x00000000fde00000)
  from space 16384K, 31% used [0x00000000fde00000,0x00000000fe318000,0x00000000fee00000)
  to   space 15360K, 0% used [0x00000000fef00000,0x00000000fef00000,0x00000000ffe00000)
 ParOldGen       total 169472K, used 102503K [0x00000000f0000000, 0x00000000fa580000, 0x00000000faa80000)
  object space 169472K, 60% used [0x00000000f0000000,0x00000000f6419fc8,0x00000000fa580000)
 PSPermGen       total 169984K, used 134488K [0x00000000e0000000, 0x00000000ea600000, 0x00000000f0000000)
  object space 169984K, 79% used [0x00000000e0000000,0x00000000e8356210,0x00000000ea600000)
Event: 11043.681 GC heap after
Heap after GC invocations=106 (full 8):
 PSYoungGen      total 70656K, used 6250K [0x00000000faa80000, 0x00000000ffe00000, 0x0000000100000000)
  eden space 55296K, 0% used [0x00000000faa80000,0x00000000faa80000,0x00000000fe080000)
  from space 15360K, 40% used [0x00000000fef00000,0x00000000ff51a800,0x00000000ffe00000)
  to   space 14848K, 0% used [0x00000000fe080000,0x00000000fe080000,0x00000000fef00000)
 ParOldGen       total 169472K, used 106920K [0x00000000f0000000, 0x00000000fa580000, 0x00000000faa80000)
  object space 169472K, 63% used [0x00000000f0000000,0x00000000f686a008,0x00000000fa580000)
 PSPermGen       total 169984K, used 134488K [0x00000000e0000000, 0x00000000ea600000, 0x00000000f0000000)
  object space 169984K, 79% used [0x00000000e0000000,0x00000000e8356210,0x00000000ea600000)
}
Event: 11050.169 GC heap before
{Heap before GC invocations=107 (full 8):
 PSYoungGen      total 70656K, used 61546K [0x00000000faa80000, 0x00000000ffe00000, 0x0000000100000000)
  eden space 55296K, 100% used [0x00000000faa80000,0x00000000fe080000,0x00000000fe080000)
  from space 15360K, 40% used [0x00000000fef00000,0x00000000ff51a800,0x00000000ffe00000)
  to   space 14848K, 0% used [0x00000000fe080000,0x00000000fe080000,0x00000000fef00000)
 ParOldGen       total 169472K, used 106920K [0x00000000f0000000, 0x00000000fa580000, 0x00000000faa80000)
  object space 169472K, 63% used [0x00000000f0000000,0x00000000f686a008,0x00000000fa580000)
 PSPermGen       total 169984K, used 134788K [0x00000000e0000000, 0x00000000ea600000, 0x00000000f0000000)
  object space 169984K, 79% used [0x00000000e0000000,0x00000000e83a11f0,0x00000000ea600000)
Event: 11050.180 GC heap after
Heap after GC invocations=107 (full 8):
 PSYoungGen      total 70144K, used 4672K [0x00000000faa80000, 0x00000000ffd80000, 0x0000000100000000)
  eden space 55296K, 0% used [0x00000000faa80000,0x00000000faa80000,0x00000000fe080000)
  from space 14848K, 31% used [0x00000000fe080000,0x00000000fe510000,0x00000000fef00000)
  to   space 13824K, 0% used [0x00000000ff000000,0x00000000ff000000,0x00000000ffd80000)
 ParOldGen       total 169472K, used 112509K [0x00000000f0000000, 0x00000000fa580000, 0x00000000faa80000)
  object space 169472K, 66% used [0x00000000f0000000,0x00000000f6ddf620,0x00000000fa580000)
 PSPermGen       total 169984K, used 134788K [0x00000000e0000000, 0x00000000ea600000, 0x00000000f0000000)
  object space 169984K, 79% used [0x00000000e0000000,0x00000000e83a11f0,0x00000000ea600000)
}
Event: 11051.054 GC heap before
{Heap before GC invocations=108 (full 8):
 PSYoungGen      total 70144K, used 59968K [0x00000000faa80000, 0x00000000ffd80000, 0x0000000100000000)
  eden space 55296K, 100% used [0x00000000faa80000,0x00000000fe080000,0x00000000fe080000)
  from space 14848K, 31% used [0x00000000fe080000,0x00000000fe510000,0x00000000fef00000)
  to   space 13824K, 0% used [0x00000000ff000000,0x00000000ff000000,0x00000000ffd80000)
 ParOldGen       total 169472K, used 112509K [0x00000000f0000000, 0x00000000fa580000, 0x00000000faa80000)
  object space 169472K, 66% used [0x00000000f0000000,0x00000000f6ddf620,0x00000000fa580000)
 PSPermGen       total 169984K, used 134930K [0x00000000e0000000, 0x00000000ea600000, 0x00000000f0000000)
  object space 169984K, 79% used [0x00000000e0000000,0x00000000e83c48b8,0x00000000ea600000)
Event: 11051.062 GC heap after
Heap after GC invocations=108 (full 8):
 PSYoungGen      total 71168K, used 2289K [0x00000000faa80000, 0x00000000fff00000, 0x0000000100000000)
  eden space 57344K, 0% used [0x00000000faa80000,0x00000000faa80000,0x00000000fe280000)
  from space 13824K, 16% used [0x00000000ff000000,0x00000000ff23c460,0x00000000ffd80000)
  to   space 13824K, 0% used [0x00000000fe280000,0x00000000fe280000,0x00000000ff000000)
 ParOldGen       total 169472K, used 116117K [0x00000000f0000000, 0x00000000fa580000, 0x00000000faa80000)
  object space 169472K, 68% used [0x00000000f0000000,0x00000000f7165400,0x00000000fa580000)
 PSPermGen       total 169984K, used 134930K [0x00000000e0000000, 0x00000000ea600000, 0x00000000f0000000)
  object space 169984K, 79% used [0x00000000e0000000,0x00000000e83c48b8,0x00000000ea600000)
}
Event: 11051.394 GC heap before
{Heap before GC invocations=109 (full 8):
 PSYoungGen      total 71168K, used 59633K [0x00000000faa80000, 0x00000000fff00000, 0x0000000100000000)
  eden space 57344K, 100% used [0x00000000faa80000,0x00000000fe280000,0x00000000fe280000)
  from space 13824K, 16% used [0x00000000ff000000,0x00000000ff23c460,0x00000000ffd80000)
  to   space 13824K, 0% used [0x00000000fe280000,0x00000000fe280000,0x00000000ff000000)
 ParOldGen       total 169472K, used 116117K [0x00000000f0000000, 0x00000000fa580000, 0x00000000faa80000)
  object space 169472K, 68% used [0x00000000f0000000,0x00000000f7165400,0x00000000fa580000)
 PSPermGen       total 169984K, used 135609K [0x00000000e0000000, 0x00000000ea600000, 0x00000000f0000000)
  object space 169984K, 79% used [0x00000000e0000000,0x00000000e846e628,0x00000000ea600000)
Event: 11051.403 GC heap after
Heap after GC invocations=109 (full 8):
 PSYoungGen      total 71168K, used 9567K [0x00000000faa80000, 0x0000000100000000, 0x0000000100000000)
  eden space 57344K, 0% used [0x00000000faa80000,0x00000000faa80000,0x00000000fe280000)
  from space 13824K, 69% used [0x00000000fe280000,0x00000000febd7e38,0x00000000ff000000)
  to   space 14336K, 0% used [0x00000000ff200000,0x00000000ff200000,0x0000000100000000)
 ParOldGen       total 169472K, used 117441K [0x00000000f0000000, 0x00000000fa580000, 0x00000000faa80000)
  object space 169472K, 69% used [0x00000000f0000000,0x00000000f72b0410,0x00000000fa580000)
 PSPermGen       total 169984K, used 135609K [0x00000000e0000000, 0x00000000ea600000, 0x00000000f0000000)
  object space 169984K, 79% used [0x00000000e0000000,0x00000000e846e628,0x00000000ea600000)
}

Deoptimization events (10 events):
Event: 10976.752 Thread 0x000000000c307000 Uncommon trap: reason=class_check action=maybe_recompile pc=0x00000000028093f4 method=java.util.AbstractList$Itr.next()Ljava/lang/Object; @ 14
Event: 10976.752 Thread 0x000000000c307000 Uncommon trap: reason=class_check action=maybe_recompile pc=0x00000000028e38c4 method=java.util.AbstractList$Itr.hasNext()Z @ 8
Event: 10976.752 Thread 0x000000000c307000 Uncommon trap: reason=class_check action=maybe_recompile pc=0x00000000028093f4 method=java.util.AbstractList$Itr.next()Ljava/lang/Object; @ 14
Event: 10976.752 Thread 0x000000000c307000 Uncommon trap: reason=class_check action=maybe_recompile pc=0x00000000028e38c4 method=java.util.AbstractList$Itr.hasNext()Z @ 8
Event: 10976.752 Thread 0x000000000c307000 Uncommon trap: reason=class_check action=maybe_recompile pc=0x00000000028093f4 method=java.util.AbstractList$Itr.next()Ljava/lang/Object; @ 14
Event: 10976.768 Thread 0x000000000c30c000 Uncommon trap: reason=unreached action=reinterpret pc=0x0000000002c6c514 method=java.lang.reflect.WeakCache.expungeStaleEntries()V @ 12
Event: 10976.771 Thread 0x000000000c30c000 Uncommon trap: reason=bimorphic action=maybe_recompile pc=0x0000000002dc1fec method=org.gradle.util.CollectionUtils.join(Ljava/lang/String;Ljava/lang/Iterable;)Ljava/lang/String; @ 39
Event: 11005.349 Thread 0x000000000c307000 Uncommon trap: reason=unreached action=reinterpret pc=0x0000000002ee2154 method=org.gradle.execution.taskgraph.TaskInfo.isComplete()Z @ 17
Event: 11042.404 Thread 0x000000000c307000 Uncommon trap: reason=null_check action=make_not_entrant pc=0x0000000002b951dc method=org.codehaus.groovy.reflection.ClassInfo.getWeakMetaClass()Lgroovy/lang/MetaClass; @ 17
Event: 11051.083 Thread 0x000000000c307000 Uncommon trap: reason=class_check action=maybe_recompile pc=0x00000000028c2cac method=java.util.regex.Pattern.group0()Ljava/util/regex/Pattern$Node; @ 681

Internal exceptions (10 events):
Event: 11051.101 Thread 0x000000000c307000 Threw 0x00000000faefbd38 at C:\re\jdk7u75\1940\hotspot\src\share\vm\classfile\systemDictionary.cpp:185
Event: 11051.101 Thread 0x000000000c307000 Threw 0x00000000faf01c98 at C:\re\jdk7u75\1940\hotspot\src\share\vm\prims\jvm.cpp:1281
Event: 11051.101 Thread 0x000000000c307000 Threw 0x00000000faf079c8 at C:\re\jdk7u75\1940\hotspot\src\share\vm\prims\jvm.cpp:1281
Event: 11051.101 Thread 0x000000000c307000 Threw 0x00000000faf07e78 at C:\re\jdk7u75\1940\hotspot\src\share\vm\classfile\systemDictionary.cpp:185
Event: 11051.101 Thread 0x000000000c307000 Threw 0x00000000faf0de48 at C:\re\jdk7u75\1940\hotspot\src\share\vm\prims\jvm.cpp:1281
Event: 11051.101 Thread 0x000000000c307000 Threw 0x00000000faf13d40 at C:\re\jdk7u75\1940\hotspot\src\share\vm\prims\jvm.cpp:1281
Event: 11051.101 Thread 0x000000000c307000 Threw 0x00000000faf141f8 at C:\re\jdk7u75\1940\hotspot\src\share\vm\classfile\systemDictionary.cpp:185
Event: 11051.101 Thread 0x000000000c307000 Threw 0x00000000faf1d9c0 at C:\re\jdk7u75\1940\hotspot\src\share\vm\prims\jvm.cpp:1281
Event: 11051.101 Thread 0x000000000c307000 Threw 0x00000000faf23f30 at C:\re\jdk7u75\1940\hotspot\src\share\vm\prims\jvm.cpp:1281
Event: 11051.102 Thread 0x000000000c307000 Threw 0x00000000faf242f0 at C:\re\jdk7u75\1940\hotspot\src\share\vm\classfile\systemDictionary.cpp:185

Events (10 events):
Event: 11051.101 loading class 0x000000000c57c540 done
Event: 11051.102 loading class 0x000000000c574c00
Event: 11051.102 loading class 0x000000000c574c00 done
Event: 11051.332 Thread 0x0000000006e2f800 flushing nmethod 0x0000000002f972d0
Event: 11051.343 Thread 0x0000000006e22000 flushing nmethod 0x000000000301ca10
Event: 11051.379 Thread 0x0000000006e22000 flushing nmethod 0x000000000327ddd0
Event: 11051.394 Executing VM operation: ParallelGCFailedAllocation
Event: 11051.403 Executing VM operation: ParallelGCFailedAllocation done
Event: 11051.462 Thread 0x0000000006e22000 flushing nmethod 0x0000000002cb44d0
Event: 11051.482 Thread 0x0000000006e22000 flushing nmethod 0x0000000002e6a5d0


Dynamic libraries:
0x000000013fc60000 - 0x000000013fc93000 	C:\Program Files\Java\jdk1.7.0_75\bin\java.exe
0x0000000076ea0000 - 0x0000000077049000 	C:\Windows\SYSTEM32\ntdll.dll
0x0000000076c80000 - 0x0000000076d9f000 	C:\Windows\system32\kernel32.dll
0x000007fefcc60000 - 0x000007fefcccc000 	C:\Windows\system32\KERNELBASE.dll
0x000007fefd220000 - 0x000007fefd2fb000 	C:\Windows\system32\ADVAPI32.dll
0x000007fefea20000 - 0x000007fefeabf000 	C:\Windows\system32\msvcrt.dll
0x000007fefd870000 - 0x000007fefd88f000 	C:\Windows\SYSTEM32\sechost.dll
0x000007fefe880000 - 0x000007fefe9ad000 	C:\Windows\system32\RPCRT4.dll
0x0000000076da0000 - 0x0000000076e9a000 	C:\Windows\system32\USER32.dll
0x000007fefe9b0000 - 0x000007fefea17000 	C:\Windows\system32\GDI32.dll
0x000007fefd000000 - 0x000007fefd00e000 	C:\Windows\system32\LPK.dll
0x000007fefd150000 - 0x000007fefd21a000 	C:\Windows\system32\USP10.dll
0x000007fefb660000 - 0x000007fefb854000 	C:\Windows\WinSxS\amd64_microsoft.windows.common-controls_6595b64144ccf1df_6.0.7601.18837_none_fa3b1e3d17594757\COMCTL32.dll
0x000007fefd910000 - 0x000007fefd981000 	C:\Windows\system32\SHLWAPI.dll
0x000007fefe850000 - 0x000007fefe87e000 	C:\Windows\system32\IMM32.DLL
0x000007fefd760000 - 0x000007fefd869000 	C:\Windows\system32\MSCTF.dll
0x0000000064730000 - 0x0000000064802000 	C:\Program Files\Java\jdk1.7.0_75\jre\bin\msvcr100.dll
0x0000000066240000 - 0x0000000066a14000 	C:\Program Files\Java\jdk1.7.0_75\jre\bin\server\jvm.dll
0x000007fef8850000 - 0x000007fef8859000 	C:\Windows\system32\WSOCK32.dll
0x000007fefda70000 - 0x000007fefdabd000 	C:\Windows\system32\WS2_32.dll
0x000007fefd570000 - 0x000007fefd578000 	C:\Windows\system32\NSI.dll
0x000007fefaa30000 - 0x000007fefaa6b000 	C:\Windows\system32\WINMM.dll
0x0000000077070000 - 0x0000000077077000 	C:\Windows\system32\PSAPI.DLL
0x0000000073f20000 - 0x0000000073f2f000 	C:\Program Files\Java\jdk1.7.0_75\jre\bin\verify.dll
0x0000000068bc0000 - 0x0000000068be8000 	C:\Program Files\Java\jdk1.7.0_75\jre\bin\java.dll
0x0000000068b50000 - 0x0000000068b65000 	C:\Program Files\Java\jdk1.7.0_75\jre\bin\zip.dll
0x0000000068b30000 - 0x0000000068b49000 	C:\Program Files\Java\jdk1.7.0_75\jre\bin\net.dll
0x000007fefc3e0000 - 0x000007fefc435000 	C:\Windows\system32\mswsock.dll
0x000007fefc3d0000 - 0x000007fefc3d7000 	C:\Windows\System32\wship6.dll
0x0000000068b10000 - 0x0000000068b21000 	C:\Program Files\Java\jdk1.7.0_75\jre\bin\nio.dll
0x000007fefc440000 - 0x000007fefc458000 	C:\Windows\system32\CRYPTSP.dll
0x000007fefc140000 - 0x000007fefc187000 	C:\Windows\system32\rsaenh.dll
0x000007fefcdc0000 - 0x000007fefcdde000 	C:\Windows\system32\USERENV.dll
0x000007fefcc50000 - 0x000007fefcc5f000 	C:\Windows\system32\profapi.dll
0x000007fefcae0000 - 0x000007fefcaef000 	C:\Windows\system32\CRYPTBASE.dll
0x000007fefa250000 - 0x000007fefa277000 	C:\Windows\system32\IPHLPAPI.DLL
0x000007fefa220000 - 0x000007fefa22b000 	C:\Windows\system32\WINNSI.DLL
0x000007fefa0a0000 - 0x000007fefa0b1000 	C:\Windows\system32\dhcpcsvc6.DLL
0x000007fefa020000 - 0x000007fefa038000 	C:\Windows\system32\dhcpcsvc.DLL
0x000007fef8160000 - 0x000007fef8172000 	C:\Users\dhaejong\AppData\Local\Temp\native-platform1003059041639190976dir\native-platform.dll
0x000007fefca80000 - 0x000007fefcad7000 	C:\Windows\system32\apphelp.dll
0x0000000073f10000 - 0x0000000073f1b000 	C:\Program Files\Java\jdk1.7.0_75\jre\bin\management.dll
0x000007feeae20000 - 0x000007feeaf45000 	C:\Windows\system32\dbghelp.dll

VM Arguments:
jvm_args: -XX:MaxPermSize=256m -XX:+HeapDumpOnOutOfMemoryError -Xmx256m -Dfile.encoding=windows-1252 -Duser.country=US -Duser.language=en -Duser.variant 
java_command: org.gradle.launcher.daemon.bootstrap.GradleDaemon 2.2.1 C:\Users\dhaejong\.gradle\daemon 10800000 7b4317c6-b1ad-4451-b73e-d339e429e952 -XX:MaxPermSize=256m -XX:+HeapDumpOnOutOfMemoryError -Xmx256m -Dfile.encoding=windows-1252 -Duser.country=US -Duser.language=en -Duser.variant
Launcher Type: SUN_STANDARD

Environment Variables:
JAVA_HOME=C:\Program Files\Java\jdk1.7.0_75
PATH=C:\ProgramData\Oracle\Java\javapath;C:\Program Files (x86)\MiKTeX 2.9\miktex\bin;C:\Windows\system32;C:\Windows;C:\Windows\System32\Wbem;C:\Windows\System32\WindowsPowerShell\v1.0\;C:\Program Files (x86)\PuTTY;C:\Program Files\gs\gs9.06\lib;C:\Program Files\Java\jdk1.7.0_75\bin;C:\Program Files (x86)\Emacs 24.1\bin;C:\Program Files (x86)\QuickTime\QTSystem\;C:\Python27;C:\Python27\Scripts;C:\Program Files (x86)\Git\cmd;C:\Program Files\nodejs\;C:\Program Files\Bandizip\7z;C:\Users\dhaejong\AppData\Roaming\npm
USERNAME=dhaejong
OS=Windows_NT
PROCESSOR_IDENTIFIER=Intel64 Family 6 Model 60 Stepping 3, GenuineIntel



---------------  S Y S T E M  ---------------

OS: Windows 7 , 64 bit Build 7601 Service Pack 1

CPU:total 4 (4 cores per cpu, 1 threads per core) family 6 model 60 stepping 3, cmov, cx8, fxsr, mmx, sse, sse2, sse3, ssse3, sse4.1, sse4.2, popcnt, avx, avx2, aes, erms, tsc, tscinvbit

Memory: 4k page, physical 8292708k(720460k free), swap 16583580k(4420452k free)

vm_info: Java HotSpot(TM) 64-Bit Server VM (24.75-b04) for windows-amd64 JRE (1.7.0_75-b13), built on Dec 18 2014 17:15:01 by "java_re" with unknown MS VC++:1600

time: Mon Feb 15 18:48:09 2016
elapsed time: 11051 seconds

